[STATION-1 ] Process started (PID=9586)
[STATION-1 ] Opening FIFO_0 for reading...
[STATION-1 ] Opening FIFO_1 for writing...
[STATION-1 ] T1-Reader started
[STATION-1 ] T2-Inspector started
[STATION-1 ] T1 read  board PCB-00001 
[STATION-1 ] T3-Writer started
[STATION-1 ] T2 inspecting board PCB-00001  (23 joints)
[STATION-1 ] T2 done  board PCB-00001  | verdict=PASS defects=0
[STATION-1 ] T3 forwarded board PCB-00001  → Station 2
[STATION-1 ] T1 read  board PCB-00002 
[STATION-1 ] T2 inspecting board PCB-00002  (31 joints)
[STATION-1 ] T2 done  board PCB-00002  | verdict=PASS defects=0
[STATION-1 ] T3 forwarded board PCB-00002  → Station 2
[STATION-1 ] T1 read  board PCB-00003 
[STATION-1 ] T2 inspecting board PCB-00003  (25 joints)
[STATION-1 ] T2 done  board PCB-00003  | verdict=PASS defects=0
[STATION-1 ] T3 forwarded board PCB-00003  → Station 2
[STATION-1 ] T1 read  board PCB-00004 
[STATION-1 ] T2 inspecting board PCB-00004  (24 joints)
[STATION-1 ] T2 done  board PCB-00004  | verdict=PASS defects=0
[STATION-1 ] T3 forwarded board PCB-00004  → Station 2
[STATION-1 ] T1 read  board PCB-00005 
[STATION-1 ] T2 inspecting board PCB-00005  (30 joints)
[STATION-1 ] T2 done  board PCB-00005  | verdict=PASS defects=0
[STATION-1 ] T3 forwarded board PCB-00005  → Station 2
[STATION-1 ] T1 read  board PCB-00006 
[STATION-1 ] T2 inspecting board PCB-00006  (30 joints)
[STATION-1 ] T2 done  board PCB-00006  | verdict=PASS defects=0
[STATION-1 ] T3 forwarded board PCB-00006  → Station 2
[STATION-1 ] T1 read  board PCB-00007 
[STATION-1 ] T2 inspecting board PCB-00007  (17 joints)
[STATION-1 ] T2 done  board PCB-00007  | verdict=FAIL-SLD defects=1
[STATION-1 ] T3 forwarded board PCB-00007  → Station 2
[STATION-1 ] T1 read  board PCB-00008 
[STATION-1 ] T2 inspecting board PCB-00008  (21 joints)
[STATION-1 ] T2 done  board PCB-00008  | verdict=PASS defects=0
[STATION-1 ] T3 forwarded board PCB-00008  → Station 2
[STATION-1 ] T1 read  board PCB-00009 
[STATION-1 ] T2 inspecting board PCB-00009  (25 joints)
[STATION-1 ] T2 done  board PCB-00009  | verdict=PASS defects=0
[STATION-1 ] T3 forwarded board PCB-00009  → Station 2
[STATION-1 ] T1 read  board PCB-00010 
[STATION-1 ] T2 inspecting board PCB-00010  (21 joints)
[STATION-1 ] T2 done  board PCB-00010  | verdict=PASS defects=0
[STATION-1 ] T3 forwarded board PCB-00010  → Station 2
[STATION-1 ] T1 read  board PCB-00011 
[STATION-1 ] T2 inspecting board PCB-00011  (22 joints)
[STATION-1 ] T2 done  board PCB-00011  | verdict=PASS defects=0
[STATION-1 ] T3 forwarded board PCB-00011  → Station 2
[STATION-1 ] T1 read  board PCB-00012 
[STATION-1 ] T2 inspecting board PCB-00012  (16 joints)
[STATION-1 ] T2 done  board PCB-00012  | verdict=PASS defects=0
[STATION-1 ] T3 forwarded board PCB-00012  → Station 2
[STATION-1 ] T1 read  board PCB-00013 
[STATION-1 ] T2 inspecting board PCB-00013  (20 joints)
[STATION-1 ] T2 done  board PCB-00013  | verdict=PASS defects=0
[STATION-1 ] T3 forwarded board PCB-00013  → Station 2
[STATION-1 ] T1 read  board PCB-00014 
[STATION-1 ] T2 inspecting board PCB-00014  (30 joints)
[STATION-1 ] T2 done  board PCB-00014  | verdict=FAIL-SLD defects=1
[STATION-1 ] T3 forwarded board PCB-00014  → Station 2
[STATION-1 ] T1 read  board PCB-00015 
[STATION-1 ] T2 inspecting board PCB-00015  (20 joints)
[STATION-1 ] T2 done  board PCB-00015  | verdict=PASS defects=0
[STATION-1 ] T3 forwarded board PCB-00015  → Station 2
[STATION-1 ] T1 read  board PCB-00016 
[STATION-1 ] T2 inspecting board PCB-00016  (17 joints)
[STATION-1 ] T2 done  board PCB-00016  | verdict=PASS defects=0
[STATION-1 ] T3 forwarded board PCB-00016  → Station 2
[STATION-1 ] T1 read  board PCB-00017 
[STATION-1 ] T2 inspecting board PCB-00017  (27 joints)
[STATION-1 ] T2 done  board PCB-00017  | verdict=PASS defects=0
[STATION-1 ] T3 forwarded board PCB-00017  → Station 2
[STATION-1 ] T1 read  board PCB-00018 
[STATION-1 ] T2 inspecting board PCB-00018  (16 joints)
[STATION-1 ] T2 done  board PCB-00018  | verdict=PASS defects=0
[STATION-1 ] T3 forwarded board PCB[STATION-2 ] Process started (PID=9587)
[STATION-2 ] Opening FIFO_1 for reading...
[STATION-2 ] Opening FIFO_2 for writing...
[STATION-2 ] T1-Reader started
[STATION-2 ] T2-Inspector started
[STATION-2 ] T3-Writer started
[STATION-2 ] T1 read  board PCB-00001 
[STATION-2 ] T2 inspecting board PCB-00001  (9 components)
[STATION-2 ] T2 done  board PCB-00001  | verdict=PASS misplaced=0
[STATION-2 ] T3 forwarded board PCB-00001  → Station 3
[STATION-2 ] T1 read  board PCB-00002 
[STATION-2 ] T2 inspecting board PCB-00002  (8 components)
[STATION-2 ] T2 done  board PCB-00002  | verdict=PASS misplaced=0
[STATION-2 ] T3 forwarded board PCB-00002  → Station 3
[STATION-2 ] T1 read  board PCB-00003 
[STATION-2 ] T2 inspecting board PCB-00003  (10 components)
[STATION-2 ] T2 done  board PCB-00003  | verdict=PASS misplaced=0
[STATION-2 ] T3 forwarded board PCB-00003  → Station 3
[STATION-2 ] T1 read  board PCB-00004 
[STATION-2 ] T2 inspecting board PCB-00004  (8 components)
[STATION-2 ] T2 done  board PCB-00004  | verdict=FAIL-PLC misplaced=1
[STATION-2 ] T3 forwarded board PCB-00004  → Station 3
[STATION-2 ] T1 read  board PCB-00005 
[STATION-2 ] T2 inspecting board PCB-00005  (13 components)
[STATION-2 ] T2 done  board PCB-00005  | verdict=PASS misplaced=0
[STATION-2 ] T3 forwarded board PCB-00005  → Station 3
[STATION-2 ] T1 read  board PCB-00006 
[STATION-2 ] T2 inspecting board PCB-00006  (16 components)
[STATION-2 ] T2 done  board PCB-00006  | verdict=PASS misplaced=0
[STATION-2 ] T3 forwarded board PCB-00006  → Station 3
[STATION-2 ] T1 read  board PCB-00007 
[STATION-2 ] T2 inspecting board PCB-00007  (16 components)
[STATION-2 ] T2 done  board PCB-00007  | verdict=FAIL-PLC misplaced=3
[STATION-2 ] T3 forwarded board PCB-00007  → Station 3
[STATION-2 ] T1 read  board PCB-00008 
[STATION-2 ] T2 inspecting board PCB-00008  (12 components)
[STATION-2 ] T2 done  board PCB-00008  | verdict=PASS misplaced=0
[STATION-2 ] T3 forwarded board PCB-00008  → Station 3
[STATION-2 ] T1 read  board PCB-00009 
[STATION-2 ] T2 inspecting board PCB-00009  (14 components)
[STATION-2 ] T2 done  board PCB-00009  | verdict=FAIL-PLC misplaced=1
[STATION-2 ] T3 forwarded board PCB-00009  → Station 3
[STATION-2 ] T1 read  board PCB-00010 
[STATION-2 ] T2 inspecting board PCB-00010  (16 components)
[STATION-2 ] T2 done  board PCB-00010  | verdict=PASS misplaced=0
[STATION-2 ] T3 forwarded board PCB-00010  → Station 3
[STATION-2 ] T1 read  board PCB-00011 
[STATION-2 ] T2 inspecting board PCB-00011  (13 components)
[STATION-2 ] T2 done  board PCB-00011  | verdict=PASS misplaced=0
[STATION-2 ] T3 forwarded board PCB-00011  → Station 3
[STATION-2 ] T1 read  board PCB-00012 
[STATION-2 ] T2 inspecting board PCB-00012  (16 components)
[STATION-2 ] T2 done  board PCB-00012  | verdict=PASS misplaced=0
[STATION-2 ] T3 forwarded board PCB-00012  → Station 3
[STATION-2 ] T1 read  board PCB-00013 
[STATION-2 ] T2 inspecting board PCB-00013  (15 components)
[STATION-2 ] T2 done  board PCB-00013  | verdict=FAIL-PLC misplaced=1
[STATION-2 ] T3 forwarded board PCB-00013  → Station 3
[STATION-2 ] T1 read  board PCB-00014 
[STATION-2 ] T2 inspecting board PCB-00014  (9 components)
[STATION-2 ] T2 done  board PCB-00014  | verdict=FAIL-PLC misplaced=1
[STATION-2 ] T3 forwarded board PCB-00014  → Station 3
[STATION-2 ] T1 read  board PCB-00015 
[STATION-2 ] T2 inspecting board PCB-00015  (10 components)
[STATION-2 ] T2 done  board PCB-00015  | verdict=PASS misplaced=0
[STATION-2 ] T3 forwarded board PCB-00015  → Station 3
[STATION-2 ] T1 read  board PCB-00016 
[STATION-2 ] T2 inspecting board PCB-00016  (11 components)
[STATION-2 ] T2 done  board PCB-00016  | verdict=PASS misplaced=0
[STATION-2 ] T3 forwarded board PCB-00016  → Station 3
[STATION-2 ] T1 read  board PCB-00017 
[STATION-2 ] T2 inspecting board PCB-00017  (16 components)
[STATION-2 ] T2 done  board PCB-00017  | verdict=PASS misplaced=0
[STATION-2 ] T3 forwarded board PCB-00017  → Station 3
[STATION-2 ] T1 read  board PCB-00018 
[STATION-2 ] T2 inspecting board PCB-00018  ([STATION-3 ] Process started (PID=9588)
[STATION-3 ] Opening FIFO_2 for reading...
[STATION-3 ] T1-Reader started
[STATION-3 ] T3-Writer started
[STATION-3 ] T2-Inspector started
[STATION-3 ] T1 read  board PCB-00001 
[STATION-3 ] T2 testing  board PCB-00001  (22 nets)
[STATION-3 ] T2 done   board PCB-00001  | FINAL=PASS opens=0 shorts=0
[STATION-3 ] T1 read  board PCB-00002 
[STATION-3 ] T2 testing  board PCB-00002  (24 nets)
[STATION-3 ] T2 done   board PCB-00002  | FINAL=PASS opens=0 shorts=0
[STATION-3 ] T1 read  board PCB-00003 
[STATION-3 ] T2 testing  board PCB-00003  (17 nets)
[STATION-3 ] T2 done   board PCB-00003  | FINAL=PASS opens=0 shorts=0
[STATION-3 ] T1 read  board PCB-00004 
[STATION-3 ] T2 testing  board PCB-00004  (14 nets)
[STATION-3 ] T2 done   board PCB-00004  | FINAL=FAIL-PLC opens=0 shorts=0
[STATION-3 ] T3 DEFECT alert sent for board PCB-00004 
[STATION-3 ] T1 read  board PCB-00005 
[STATION-3 ] T2 testing  board PCB-00005  (12 nets)
[STATION-3 ] T2 done   board PCB-00005  | FINAL=PASS opens=0 shorts=0
[STATION-3 ] T1 read  board PCB-00006 
[STATION-3 ] T2 testing  board PCB-00006  (15 nets)
[STATION-3 ] T2 done   board PCB-00006  | FINAL=PASS opens=0 shorts=0
[STATION-3 ] T1 read  board PCB-00007 
[STATION-3 ] T2 testing  board PCB-00007  (16 nets)
[STATION-3 ] T2 done   board PCB-00007  | FINAL=FAIL-MLT opens=1 shorts=1
[STATION-3 ] T3 DEFECT alert sent for board PCB-00007 
[STATION-3 ] T1 read  board PCB-00008 
[STATION-3 ] T2 testing  board PCB-00008  (16 nets)
[STATION-3 ] T2 done   board PCB-00008  | FINAL=PASS opens=0 shorts=0
[STATION-3 ] T1 read  board PCB-00009 
[STATION-3 ] T2 testing  board PCB-00009  (15 nets)
[STATION-3 ] T2 done   board PCB-00009  | FINAL=FAIL-PLC opens=0 shorts=0
[STATION-3 ] T3 DEFECT alert sent for board PCB-00009 
[STATION-3 ] T1 read  board PCB-00010 
[STATION-3 ] T2 testing  board PCB-00010  (15 nets)
[STATION-3 ] T2 done   board PCB-00010  | FINAL=PASS opens=0 shorts=0
[STATION-3 ] T1 read  board PCB-00011 
[STATION-3 ] T2 testing  board PCB-00011  (12 nets)
[STATION-3 ] T2 done   board PCB-00011  | FINAL=PASS opens=0 shorts=0
[STATION-3 ] T1 read  board PCB-00012 
[STATION-3 ] T2 testing  board PCB-00012  (13 nets)
[STATION-3 ] T2 done   board PCB-00012  | FINAL=PASS opens=0 shorts=0
[STATION-3 ] T1 read  board PCB-00013 
[STATION-3 ] T2 testing  board PCB-00013  (18 nets)
[STATION-3 ] T2 done   board PCB-00013  | FINAL=FAIL-PLC opens=0 shorts=0
[STATION-3 ] T3 DEFECT alert sent for board PCB-00013 
[STATION-3 ] T1 read  board PCB-00014 
[STATION-3 ] T2 testing  board PCB-00014  (23 nets)
[STATION-3 ] T2 done   board PCB-00014  | FINAL=FAIL-MLT opens=1 shorts=1
[STATION-3 ] T3 DEFECT alert sent for board PCB-00014 
[STATION-3 ] T1 read  board PCB-00015 
[STATION-3 ] T2 testing  board PCB-00015  (24 nets)
[STATION-3 ] T2 done   board PCB-00015  | FINAL=PASS opens=0 shorts=0
[STATION-3 ] T1 read  board PCB-00016 
[STATION-3 ] T2 testing  board PCB-00016  (20 nets)
[STATION-3 ] T2 done   board PCB-00016  | FINAL=PASS opens=0 shorts=0
[STATION-3 ] T1 read  board PCB-00017 
[STATION-3 ] T2 testing  board PCB-00017  (14 nets)
[STATION-3 ] T2 done   board PCB-00017  | FINAL=PASS opens=0 shorts=0
[STATION-3 ] T1 read  board PCB-00018 
[STATION-3 ] T2 testing  board PCB-00018  (19 nets)
[STATION-3 ] T2 done   board PCB-00018  | FINAL=PASS opens=0 shorts=0
[STATION-3 ] T1 read  board PCB-00019 
[STATION-3 ] T2 testing  board PCB-00019  (15 nets)
[STATION-3 ] T2 done   board PCB-00019  | FINAL=PASS opens=0 shorts=0
[STATION-3 ] T1 read  board PCB-00020 
[STATION-3 ] T2 testing  board PCB-00020  (15 nets)
[STATION-3 ] T2 done   board PCB-00020  | FINAL=FAIL-PLC opens=0 shorts=0
[STATION-3 ] T3 DEFECT alert sent for board PCB-00020 
[STATION-3 ] T1 read  board PCB-00021 
[STATION-3 ] T2 testing  board PCB-00021  (18 nets)
[STATION-3 ] T2 done   board PCB-00021  | FINAL=FAIL-MLT opens=1 shorts=1
[STATION-3 ] T3 DEFECT alert sent for board PCB-00021 
[STATION-3 ] T1 read  board PCB-00022 
[STATION-3 ] T2 testing  board PCB-00022  (19 nets)
[STATION-3 ] T2 done   board PCB11 components)
[STATION-2 ] T2 done  board PCB-00018  | verdict=PASS misplaced=0
[STATION-2 ] T3 forwarded board PCB-00018  → Station 3
[STATION-2 ] T1 read  board PCB-00019 
[STATION-2 ] T2 inspecting board PCB-00019  (12 components)
[STATION-2 ] T2 done  board PCB-00019  | verdict=PASS misplaced=0
[STATION-2 ] T3 forwarded board PCB-00019  → Station 3
[STATION-2 ] T1 read  board PCB-00020 
[STATION-2 ] T2 inspecting board PCB-00020  (16 components)
[STATION-2 ] T2 done  board PCB-00020  | verdict=FAIL-PLC misplaced=1
[STATION-2 ] T3 forwarded board PCB-00020  → Station 3
[STATION-2 ] T1 read  board PCB-00021 
[STATION-2 ] T2 inspecting board PCB-00021  (9 components)
[STATION-2 ] T2 done  board PCB-00021  | verdict=FAIL-PLC misplaced=1
[STATION-2 ] T3 forwarded board PCB-00021  → Station 3
[STATION-2 ] T1 read  board PCB-00022 
[STATION-2 ] T2 inspecting board PCB-00022  (11 components)
[STATION-2 ] T2 done  board PCB-00022  | verdict=PASS misplaced=0
[STATION-2 ] T3 forwarded board PCB-00022  → Station 3
[STATION-2 ] T1 read  board PCB-00023 
[STATION-2 ] T2 inspecting board PCB-00023  (13 components)
[STATION-2 ] T2 done  board PCB-00023  | verdict=FAIL-PLC misplaced=1
[STATION-2 ] T3 forwarded board PCB-00023  → Station 3
[STATION-2 ] T1 read  board PCB-00024 
[STATION-2 ] T2 inspecting board PCB-00024  (8 components)
[STATION-2 ] T2 done  board PCB-00024  | verdict=PASS misplaced=0
[STATION-2 ] T3 forwarded board PCB-00024  → Station 3
[STATION-2 ] T1 read  board PCB-00025 
[STATION-2 ] T2 inspecting board PCB-00025  (12 components)
[STATION-2 ] T2 done  board PCB-00025  | verdict=FAIL-PLC misplaced=1
[STATION-2 ] T3 forwarded board PCB-00025  → Station 3
[STATION-2 ] T1 read  board PCB-00026 
[STATION-2 ] T2 inspecting board PCB-00026  (8 components)
[STATION-2 ] T2 done  board PCB-00026  | verdict=PASS misplaced=0
[STATION-2 ] T3 forwarded board PCB-00026  → Station 3
[STATION-2 ] T1 read  board PCB-00027 
[STATION-2 ] T2 inspecting board PCB-00027  (10 components)
[STATION-2 ] T2 done  board PCB-00027  | verdict=PASS misplaced=0
[STATION-2 ] T3 forwarded board PCB-00027  → Station 3
[STATION-2 ] T1 read  board PCB-00028 
[STATION-2 ] T2 inspecting board PCB-00028  (10 components)
[STATION-2 ] T2 done  board PCB-00028  | verdict=FAIL-PLC misplaced=2
[STATION-2 ] T3 forwarded board PCB-00028  → Station 3
[STATION-2 ] T1 read  board PCB-00029 
[STATION-2 ] T2 inspecting board PCB-00029  (15 components)
[STATION-2 ] T2 done  board PCB-00029  | verdict=FAIL-PLC misplaced=2
[STATION-2 ] T3 forwarded board PCB-00029  → Station 3
[STATION-2 ] T1 read  board PCB-00030 
[STATION-2 ] T2 inspecting board PCB-00030  (12 components)
[STATION-2 ] T2 done  board PCB-00030  | verdict=FAIL-PLC misplaced=1
[STATION-2 ] T3 forwarded board PCB-00030  → Station 3
[STATION-2 ] T1 read  board PCB-00031 
[STATION-2 ] T2 inspecting board PCB-00031  (10 components)
[STATION-2 ] T2 done  board PCB-00031  | verdict=PASS misplaced=0
[STATION-2 ] T3 forwarded board PCB-00031  → Station 3
[STATION-2 ] T1 read  board PCB-00032 
[STATION-2 ] T2 inspecting board PCB-00032  (16 components)
[STATION-2 ] T2 done  board PCB-00032  | verdict=FAIL-PLC misplaced=2
[STATION-2 ] T3 forwarded board PCB-00032  → Station 3
[STATION-2 ] T1 read  board PCB-00033 
[STATION-2 ] T2 inspecting board PCB-00033  (14 components)
[STATION-2 ] T2 done  board PCB-00033  | verdict=FAIL-PLC misplaced=1
[STATION-2 ] T3 forwarded board PCB-00033  → Station 3
[STATION-2 ] T1 read  board PCB-00034 
[STATION-2 ] T2 inspecting board PCB-00034  (12 components)
[STATION-2 ] T2 done  board PCB-00034  | verdict=PASS misplaced=0
[STATION-2 ] T3 forwarded board PCB-00034  → Station 3
[STATION-2 ] T1 read  board PCB-00035 
[STATION-2 ] T2 inspecting board PCB-00035  (14 components)
[STATION-2 ] T2 done  board PCB-00035  | verdict=FAIL-PLC misplaced=1
[STATION-2 ] T3 forwarded board PCB-00035  → Station 3
[STATION-2 ] T1 read  board PCB-00036 
[STATION-2 ] T2 inspecting board PCB-00036  (13 components)
[STATION-2 ] T2 done  board PCB-00036  | verdict-00018  → Station 2
[STATION-1 ] T1 read  board PCB-00019 
[STATION-1 ] T2 inspecting board PCB-00019  (22 joints)
[STATION-1 ] T2 done  board PCB-00019  | verdict=PASS defects=0
[STATION-1 ] T3 forwarded board PCB-00019  → Station 2
[STATION-1 ] T1 read  board PCB-00020 
[STATION-1 ] T2 inspecting board PCB-00020  (17 joints)
[STATION-1 ] T2 done  board PCB-00020  | verdict=PASS defects=0
[STATION-1 ] T3 forwarded board PCB-00020  → Station 2
[STATION-1 ] T1 read  board PCB-00021 
[STATION-1 ] T2 inspecting board PCB-00021  (22 joints)
[STATION-1 ] T2 done  board PCB-00021  | verdict=FAIL-SLD defects=1
[STATION-1 ] T3 forwarded board PCB-00021  → Station 2
[STATION-1 ] T1 read  board PCB-00022 
[STATION-1 ] T2 inspecting board PCB-00022  (27 joints)
[STATION-1 ] T2 done  board PCB-00022  | verdict=PASS defects=0
[STATION-1 ] T3 forwarded board PCB-00022  → Station 2
[STATION-1 ] T1 read  board PCB-00023 
[STATION-1 ] T2 inspecting board PCB-00023  (21 joints)
[STATION-1 ] T2 done  board PCB-00023  | verdict=PASS defects=0
[STATION-1 ] T3 forwarded board PCB-00023  → Station 2
[STATION-1 ] T1 read  board PCB-00024 
[STATION-1 ] T2 inspecting board PCB-00024  (25 joints)
[STATION-1 ] T2 done  board PCB-00024  | verdict=PASS defects=0
[STATION-1 ] T3 forwarded board PCB-00024  → Station 2
[STATION-1 ] T1 read  board PCB-00025 
[STATION-1 ] T2 inspecting board PCB-00025  (22 joints)
[STATION-1 ] T2 done  board PCB-00025  | verdict=PASS defects=0
[STATION-1 ] T3 forwarded board PCB-00025  → Station 2
[STATION-1 ] T1 read  board PCB-00026 
[STATION-1 ] T2 inspecting board PCB-00026  (17 joints)
[STATION-1 ] T2 done  board PCB-00026  | verdict=PASS defects=0
[STATION-1 ] T3 forwarded board PCB-00026  → Station 2
[STATION-1 ] T1 read  board PCB-00027 
[STATION-1 ] T2 inspecting board PCB-00027  (19 joints)
[STATION-1 ] T2 done  board PCB-00027  | verdict=PASS defects=0
[STATION-1 ] T3 forwarded board PCB-00027  → Station 2
[STATION-1 ] T1 read  board PCB-00028 
[STATION-1 ] T2 inspecting board PCB-00028  (30 joints)
[STATION-1 ] T2 done  board PCB-00028  | verdict=FAIL-SLD defects=1
[STATION-1 ] T3 forwarded board PCB-00028  → Station 2
[STATION-1 ] T1 read  board PCB-00029 
[STATION-1 ] T2 inspecting board PCB-00029  (30 joints)
[STATION-1 ] T2 done  board PCB-00029  | verdict=PASS defects=0
[STATION-1 ] T3 forwarded board PCB-00029  → Station 2
[STATION-1 ] T1 read  board PCB-00030 
[STATION-1 ] T2 inspecting board PCB-00030  (18 joints)
[STATION-1 ] T2 done  board PCB-00030  | verdict=PASS defects=0
[STATION-1 ] T3 forwarded board PCB-00030  → Station 2
[STATION-1 ] T1 read  board PCB-00031 
[STATION-1 ] T2 inspecting board PCB-00031  (24 joints)
[STATION-1 ] T2 done  board PCB-00031  | verdict=PASS defects=0
[STATION-1 ] T3 forwarded board PCB-00031  → Station 2
[STATION-1 ] T1 read  board PCB-00032 
[STATION-1 ] T2 inspecting board PCB-00032  (28 joints)
[STATION-1 ] T2 done  board PCB-00032  | verdict=PASS defects=0
[STATION-1 ] T3 forwarded board PCB-00032  → Station 2
[STATION-1 ] T1 read  board PCB-00033 
[STATION-1 ] T2 inspecting board PCB-00033  (23 joints)
[STATION-1 ] T2 done  board PCB-00033  | verdict=PASS defects=0
[STATION-1 ] T3 forwarded board PCB-00033  → Station 2
[STATION-1 ] T1 read  board PCB-00034 
[STATION-1 ] T2 inspecting board PCB-00034  (25 joints)
[STATION-1 ] T2 done  board PCB-00034  | verdict=PASS defects=0
[STATION-1 ] T3 forwarded board PCB-00034  → Station 2
[STATION-1 ] T1 read  board PCB-00035 
[STATION-1 ] T2 inspecting board PCB-00035  (18 joints)
[STATION-1 ] T2 done  board PCB-00035  | verdict=FAIL-SLD defects=1
[STATION-1 ] T3 forwarded board PCB-00035  → Station 2
[STATION-1 ] T1 read  board PCB-00036 
[STATION-1 ] T2 inspecting board PCB-00036  (27 joints)
[STATION-1 ] T2 done  board PCB-00036  | verdict=PASS defects=0
[STATION-1 ] T3 forwarded board PCB-00036  → Station 2
[STATION-1 ] T1 read  board PCB-00037 
[STATION-1 ] T2 inspecting board PCB-00037  (30 joints)
[STATION-1 ] T2 done  board PCB-00037  | verdict=PASS defects=0
[STATION-1 ] T3-00022  | FINAL=PASS opens=0 shorts=0
[STATION-3 ] T1 read  board PCB-00023 
[STATION-3 ] T2 testing  board PCB-00023  (15 nets)
[STATION-3 ] T2 done   board PCB-00023  | FINAL=FAIL-PLC opens=0 shorts=0
[STATION-3 ] T3 DEFECT alert sent for board PCB-00023 
[STATION-3 ] T1 read  board PCB-00024 
[STATION-3 ] T2 testing  board PCB-00024  (15 nets)
[STATION-3 ] T2 done   board PCB-00024  | FINAL=PASS opens=0 shorts=0
[STATION-3 ] T1 read  board PCB-00025 
[STATION-3 ] T2 testing  board PCB-00025  (19 nets)
[STATION-3 ] T2 done   board PCB-00025  | FINAL=FAIL-PLC opens=0 shorts=0
[STATION-3 ] T3 DEFECT alert sent for board PCB-00025 
[STATION-3 ] T1 read  board PCB-00026 
[STATION-3 ] T2 testing  board PCB-00026  (17 nets)
[STATION-3 ] T2 done   board PCB-00026  | FINAL=PASS opens=0 shorts=0
[STATION-3 ] T1 read  board PCB-00027 
[STATION-3 ] T2 testing  board PCB-00027  (13 nets)
[STATION-3 ] T2 done   board PCB-00027  | FINAL=PASS opens=0 shorts=0
[STATION-3 ] T1 read  board PCB-00028 
[STATION-3 ] T2 testing  board PCB-00028  (22 nets)
[STATION-3 ] T2 done   board PCB-00028  | FINAL=FAIL-MLT opens=1 shorts=1
[STATION-3 ] T3 DEFECT alert sent for board PCB-00028 
[STATION-3 ] T1 read  board PCB-00029 
[STATION-3 ] T2 testing  board PCB-00029  (13 nets)
[STATION-3 ] T2 done   board PCB-00029  | FINAL=FAIL-PLC opens=0 shorts=0
[STATION-3 ] T3 DEFECT alert sent for board PCB-00029 
[STATION-3 ] T1 read  board PCB-00030 
[STATION-3 ] T2 testing  board PCB-00030  (15 nets)
[STATION-3 ] T2 done   board PCB-00030  | FINAL=FAIL-PLC opens=0 shorts=0
[STATION-3 ] T3 DEFECT alert sent for board PCB-00030 
[STATION-3 ] T1 read  board PCB-00031 
[STATION-3 ] T2 testing  board PCB-00031  (15 nets)
[STATION-3 ] T2 done   board PCB-00031  | FINAL=PASS opens=0 shorts=0
[STATION-3 ] T1 read  board PCB-00032 
[STATION-3 ] T2 testing  board PCB-00032  (19 nets)
[STATION-3 ] T2 done   board PCB-00032  | FINAL=FAIL-PLC opens=0 shorts=0
[STATION-3 ] T3 DEFECT alert sent for board PCB-00032 
[STATION-3 ] T1 read  board PCB-00033 
[STATION-3 ] T2 testing  board PCB-00033  (16 nets)
[STATION-3 ] T2 done   board PCB-00033  | FINAL=FAIL-PLC opens=0 shorts=0
[STATION-3 ] T3 DEFECT alert sent for board PCB-00033 
[STATION-3 ] T1 read  board PCB-00034 
[STATION-3 ] T2 testing  board PCB-00034  (22 nets)
[STATION-3 ] T2 done   board PCB-00034  | FINAL=PASS opens=0 shorts=0
[STATION-3 ] T1 read  board PCB-00035 
[STATION-3 ] T2 testing  board PCB-00035  (14 nets)
[STATION-3 ] T2 done   board PCB-00035  | FINAL=FAIL-MLT opens=1 shorts=1
[STATION-3 ] T3 DEFECT alert sent for board PCB-00035 
[STATION-3 ] T1 read  board PCB-00036 
[STATION-3 ] T2 testing  board PCB-00036  (22 nets)
[STATION-3 ] T2 done   board PCB-00036  | FINAL=PASS opens=0 shorts=0
[STATION-3 ] T1 read  board PCB-00037 
[STATION-3 ] T2 testing  board PCB-00037  (13 nets)
[STATION-3 ] T2 done   board PCB-00037  | FINAL=PASS opens=0 shorts=0
[STATION-3 ] T1 read  board PCB-00038 
[STATION-3 ] T2 testing  board PCB-00038  (23 nets)
[STATION-3 ] T2 done   board PCB-00038  | FINAL=PASS opens=0 shorts=0
[STATION-3 ] T1 read  board PCB-00039 
[STATION-3 ] T2 testing  board PCB-00039  (19 nets)
[STATION-3 ] T2 done   board PCB-00039  | FINAL=FAIL-PLC opens=0 shorts=0
[STATION-3 ] T3 DEFECT alert sent for board PCB-00039 
[STATION-3 ] T1 read  board PCB-00040 
[STATION-3 ] T2 testing  board PCB-00040  (21 nets)
[STATION-3 ] T2 done   board PCB-00040  | FINAL=PASS opens=0 shorts=0
[STATION-3 ] T1 read  board PCB-00041 
[STATION-3 ] T2 testing  board PCB-00041  (18 nets)
[STATION-3 ] T2 done   board PCB-00041  | FINAL=PASS opens=0 shorts=0
[STATION-3 ] T1 read  board PCB-00042 
[STATION-3 ] T2 testing  board PCB-00042  (21 nets)
[STATION-3 ] T2 done   board PCB-00042  | FINAL=FAIL-MLT opens=1 shorts=1
[STATION-3 ] T3 DEFECT alert sent for board PCB-00042 
[STATION-3 ] T1 read  board PCB-00043 
[STATION-3 ] T2 testing  board PCB-00043  (13 nets)
[STATION-3 ] T2 done   board PCB-00043  | FINAL=PASS opens=0 shorts=0
[STATION-3 ] T1 read  board PCB-00044 
[STATION-3 ] T2 testing  board PCB-00044  (12 ne[BOARD-GEN] Starting — will generate 50 boards
[BOARD-GEN] Opening FIFO_0 (/tmp/pcb_fifo_0) for writing...
[BOARD-GEN] FIFO_0 open — beginning board generation
[BOARD-GEN] Board PCB-00001  | joints=23 comps=9  nets=22 
[BOARD-GEN] Board PCB-00002  | joints=31 comps=8  nets=24 
[BOARD-GEN] Board PCB-00003  | joints=25 comps=10 nets=17 
[BOARD-GEN] Board PCB-00004  | joints=24 comps=8  nets=14 
[BOARD-GEN] Board PCB-00005  | joints=30 comps=13 nets=12 
[BOARD-GEN] Board PCB-00006  | joints=30 comps=16 nets=15 
[BOARD-GEN] Board PCB-00007  | joints=17 comps=16 nets=16 [DEFECT PLANTED]
[BOARD-GEN] Board PCB-00008  | joints=21 comps=12 nets=16 
[BOARD-GEN] Board PCB-00009  | joints=25 comps=14 nets=15 
[BOARD-GEN] Board PCB-00010  | joints=21 comps=16 nets=15 
[BOARD-GEN] Board PCB-00011  | joints=22 comps=13 nets=12 
[BOARD-GEN] Board PCB-00012  | joints=16 comps=16 nets=13 
[BOARD-GEN] Board PCB-00013  | joints=20 comps=15 nets=18 
[BOARD-GEN] Board PCB-00014  | joints=30 comps=9  nets=23 [DEFECT PLANTED]
[BOARD-GEN] Board PCB-00015  | joints=20 comps=10 nets=24 
[BOARD-GEN] Board PCB-00016  | joints=17 comps=11 nets=20 
[BOARD-GEN] Board PCB-00017  | joints=27 comps=16 nets=14 
[BOARD-GEN] Board PCB-00018  | joints=16 comps=11 nets=19 
[BOARD-GEN] Board PCB-00019  | joints=22 comps=12 nets=15 
[BOARD-GEN] Board PCB-00020  | joints=17 comps=16 nets=15 
[BOARD-GEN] Board PCB-00021  | joints=22 comps=9  nets=18 [DEFECT PLANTED]
[BOARD-GEN] Board PCB-00022  | joints=27 comps=11 nets=19 
[BOARD-GEN] Board PCB-00023  | joints=21 comps=13 nets=15 
[BOARD-GEN] Board PCB-00024  | joints=25 comps=8  nets=15 
[BOARD-GEN] Board PCB-00025  | joints=22 comps=12 nets=19 
[BOARD-GEN] Board PCB-00026  | joints=17 comps=8  nets=17 
[BOARD-GEN] Board PCB-00027  | joints=19 comps=10 nets=13 
[BOARD-GEN] Board PCB-00028  | joints=30 comps=10 nets=22 [DEFECT PLANTED]
[BOARD-GEN] Board PCB-00029  | joints=30 comps=15 nets=13 
[BOARD-GEN] Board PCB-00030  | joints=18 comps=12 nets=15 
[BOARD-GEN] Board PCB-00031  | joints=24 comps=10 nets=15 
[BOARD-GEN] Board PCB-00032  | joints=28 comps=16 nets=19 
[BOARD-GEN] Board PCB-00033  | joints=23 comps=14 nets=16 
[BOARD-GEN] Board PCB-00034  | joints=25 comps=12 nets=22 
[BOARD-GEN] Board PCB-00035  | joints=18 comps=14 nets=14 [DEFECT PLANTED]
[BOARD-GEN] Board PCB-00036  | joints=27 comps=13 nets=22 
[BOARD-GEN] Board PCB-00037  | joints=30 comps=11 nets=13 
[BOARD-GEN] Board PCB-00038  | joints=17 comps=11 nets=23 
[BOARD-GEN] Board PCB-00039  | joints=17 comps=11 nets=19 
[BOARD-GEN] Board PCB-00040  | joints=32 comps=12 nets=21 
[BOARD-GEN] Board PCB-00041  | joints=31 comps=13 nets=18 
[BOARD-GEN] Board PCB-00042  | joints=31 comps=15 nets=21 [DEFECT PLANTED]
[BOARD-GEN] Board PCB-00043  | joints=26 comps=14 nets=13 
[BOARD-GEN] Board PCB-00044  | joints=32 comps=13 nets=12 
[BOARD-GEN] Board PCB-00045  | joints=24 comps=16 nets=16 
[BOARD-GEN] Board PCB-00046  | joints=27 comps=16 nets=19 
[BOARD-GEN] Board PCB-00047  | joints=21 comps=12 nets=20 
[BOARD-GEN] Board PCB-00048  | joints=20 comps=8  nets=17 
[BOARD-GEN] Board PCB-00049  | joints=23 comps=15 nets=15 [DEFECT PLANTED]
[BOARD-GEN] Board PCB-00050  | joints=32 comps=9  nets=12 
[BOARD-GEN] Done — 50 boards sent to line. Sentinel written.
 forwarded board PCB-00037  → Station 2
[STATION-1 ] T1 read  board PCB-00038 
[STATION-1 ] T2 inspecting board PCB-00038  (17 joints)
[STATION-1 ] T2 done  board PCB-00038  | verdict=PASS defects=0
[STATION-1 ] T3 forwarded board PCB-00038  → Station 2
[STATION-1 ] T1 read  board PCB-00039 
[STATION-1 ] T2 inspecting board PCB-00039  (17 joints)
[STATION-1 ] T2 done  board PCB-00039  | verdict=PASS defects=0
[STATION-1 ] T3 forwarded board PCB-00039  → Station 2
[STATION-1 ] T1 read  board PCB-00040 
[STATION-1 ] T2 inspecting board PCB-00040  (32 joints)
[STATION-1 ] T2 done  board PCB-00040  | verdict=PASS defects=0
[STATION-1 ] T3 forwarded board PCB-00040  → Station 2
[STATION-1 ] T1 read  board PCB-00041 
[STATION-1 ] T2 inspecting board PCB-00041  (31 joints)
[STATION-1 ] T2 done  board PCB-00041  | verdict=PASS defects=0
[STATION-1 ] T3 forwarded board PCB-00041  → Station 2
[STATION-1 ] T1 read  board PCB-00042 
[STATION-1 ] T2 inspecting board PCB-00042  (31 joints)
[STATION-1 ] T2 done  board PCB-00042  | verdict=FAIL-SLD defects=1
[STATION-1 ] T3 forwarded board PCB-00042  → Station 2
[STATION-1 ] T1 read  board PCB-00043 
[STATION-1 ] T2 inspecting board PCB-00043  (26 joints)
[STATION-1 ] T2 done  board PCB-00043  | verdict=PASS defects=0
[STATION-1 ] T3 forwarded board PCB-00043  → Station 2
[STATION-1 ] T1 read  board PCB-00044 
[STATION-1 ] T2 inspecting board PCB-00044  (32 joints)
[STATION-1 ] T2 done  board PCB-00044  | verdict=PASS defects=0
[STATION-1 ] T3 forwarded board PCB-00044  → Station 2
[STATION-1 ] T1 read  board PCB-00045 
[STATION-1 ] T2 inspecting board PCB-00045  (24 joints)
[STATION-1 ] T2 done  board PCB-00045  | verdict=PASS defects=0
[STATION-1 ] T3 forwarded board PCB-00045  → Station 2
[STATION-1 ] T1 read  board PCB-00046 
[STATION-1 ] T2 inspecting board PCB-00046  (27 joints)
[STATION-1 ] T2 done  board PCB-00046  | verdict=PASS defects=0
[STATION-1 ] T3 forwarded board PCB-00046  → Station 2
[STATION-1 ] T1 read  board PCB-00047 
[STATION-1 ] T2 inspecting board PCB-00047  (21 joints)
[STATION-1 ] T2 done  board PCB-00047  | verdict=PASS defects=0
[STATION-1 ] T3 forwarded board PCB-00047  → Station 2
[STATION-1 ] T1 read  board PCB-00048 
[STATION-1 ] T2 inspecting board PCB-00048  (20 joints)
[STATION-1 ] T2 done  board PCB-00048  | verdict=PASS defects=0
[STATION-1 ] T3 forwarded board PCB-00048  → Station 2
[STATION-1 ] T1 read  board PCB-00049 
[STATION-1 ] T2 inspecting board PCB-00049  (23 joints)
[STATION-1 ] T2 done  board PCB-00049  | verdict=FAIL-SLD defects=1
[STATION-1 ] T3 forwarded board PCB-00049  → Station 2
[STATION-1 ] T1 read  board PCB-00050 
[STATION-1 ] T2 inspecting board PCB-00050  (32 joints)
[STATION-1 ] T2 done  board PCB-00050  | verdict=PASS defects=0
[STATION-1 ] T3 forwarded board PCB-00050  → Station 2
[STATION-1 ] T1-Reader: sentinel received — done
[STATION-1 ] T1-Reader exiting
[STATION-1 ] T2-Inspector exiting
[STATION-1 ] T3-Writer exiting
[STATION-1 ] Clean exit
=PASS misplaced=0
[STATION-2 ] T3 forwarded board PCB-00036  → Station 3
[STATION-2 ] T1 read  board PCB-00037 
[STATION-2 ] T2 inspecting board PCB-00037  (11 components)
[STATION-2 ] T2 done  board PCB-00037  | verdict=PASS misplaced=0
[STATION-2 ] T3 forwarded board PCB-00037  → Station 3
[STATION-2 ] T1 read  board PCB-00038 
[STATION-2 ] T2 inspecting board PCB-00038  (11 components)
[STATION-2 ] T2 done  board PCB-00038  | verdict=PASS misplaced=0
[STATION-2 ] T3 forwarded board PCB-00038  → Station 3
[STATION-2 ] T1 read  board PCB-00039 
[STATION-2 ] T2 inspecting board PCB-00039  (11 components)
[STATION-2 ] T2 done  board PCB-00039  | verdict=FAIL-PLC misplaced=2
[STATION-2 ] T3 forwarded board PCB-00039  → Station 3
[STATION-2 ] T1 read  board PCB-00040 
[STATION-2 ] T2 inspecting board PCB-00040  (12 components)
[STATION-2 ] T2 done  board PCB-00040  | verdict=PASS misplaced=0
[STATION-2 ] T3 forwarded board PCB-00040  → Station 3
[STATION-2 ] T1 read  board PCB-00041 
[STATION-2 ] T2 inspecting board PCB-00041  (13 components)
[STATION-2 ] T2 done  board PCB-00041  | verdict=PASS misplaced=0
[STATION-2 ] T3 forwarded board PCB-00041  → Station 3
[STATION-2 ] T1 read  board PCB-00042 
[STATION-2 ] T2 inspecting board PCB-00042  (15 components)
[STATION-2 ] T2 done  board PCB-00042  | verdict=FAIL-PLC misplaced=1
[STATION-2 ] T3 forwarded board PCB-00042  → Station 3
[STATION-2 ] T1 read  board PCB-00043 
[STATION-2 ] T2 inspecting board PCB-00043  (14 components)
[STATION-2 ] T2 done  board PCB-00043  | verdict=PASS misplaced=0
[STATION-2 ] T3 forwarded board PCB-00043  → Station 3
[STATION-2 ] T1 read  board PCB-00044 
[STATION-2 ] T2 inspecting board PCB-00044  (13 components)
[STATION-2 ] T2 done  board PCB-00044  | verdict=FAIL-PLC misplaced=1
[STATION-2 ] T3 forwarded board PCB-00044  → Station 3
[STATION-2 ] T1 read  board PCB-00045 
[STATION-2 ] T2 inspecting board PCB-00045  (16 components)
[STATION-2 ] T2 done  board PCB-00045  | verdict=PASS misplaced=0
[STATION-2 ] T3 forwarded board PCB-00045  → Station 3
[STATION-2 ] T1 read  board PCB-00046 
[STATION-2 ] T2 inspecting board PCB-00046  (16 components)
[STATION-2 ] T2 done  board PCB-00046  | verdict=PASS misplaced=0
[STATION-2 ] T3 forwarded board PCB-00046  → Station 3
[STATION-2 ] T1 read  board PCB-00047 
[STATION-2 ] T2 inspecting board PCB-00047  (12 components)
[STATION-2 ] T2 done  board PCB-00047  | verdict=PASS misplaced=0
[STATION-2 ] T3 forwarded board PCB-00047  → Station 3
[STATION-2 ] T1 read  board PCB-00048 
[STATION-2 ] T2 inspecting board PCB-00048  (8 components)
[STATION-2 ] T2 done  board PCB-00048  | verdict=PASS misplaced=0
[STATION-2 ] T3 forwarded board PCB-00048  → Station 3
[STATION-2 ] T1 read  board PCB-00049 
[STATION-2 ] T2 inspecting board PCB-00049  (15 components)
[STATION-2 ] T2 done  board PCB-00049  | verdict=FAIL-PLC misplaced=2
[STATION-2 ] T3 forwarded board PCB-00049  → Station 3
[STATION-2 ] T1 read  board PCB-00050 
[STATION-2 ] T2 inspecting board PCB-00050  (9 components)
[STATION-2 ] T1-Reader: sentinel — done
[STATION-2 ] T2 done  board PCB-00050  | verdict=PASS misplaced=0
[STATION-2 ] T3 forwarded board PCB-00050  → Station 3
[STATION-2 ] Clean exit
ts)
[STATION-3 ] T2 done   board PCB-00044  | FINAL=FAIL-PLC opens=0 shorts=0
[STATION-3 ] T3 DEFECT alert sent for board PCB-00044 
[STATION-3 ] T1 read  board PCB-00045 
[STATION-3 ] T2 testing  board PCB-00045  (16 nets)
[STATION-3 ] T2 done   board PCB-00045  | FINAL=PASS opens=0 shorts=0
[STATION-3 ] T1 read  board PCB-00046 
[STATION-3 ] T2 testing  board PCB-00046  (19 nets)
[STATION-3 ] T2 done   board PCB-00046  | FINAL=PASS opens=0 shorts=0
[STATION-3 ] T1 read  board PCB-00047 
[STATION-3 ] T2 testing  board PCB-00047  (20 nets)
[STATION-3 ] T2 done   board PCB-00047  | FINAL=PASS opens=0 shorts=0
[STATION-3 ] T1 read  board PCB-00048 
[STATION-3 ] T2 testing  board PCB-00048  (17 nets)
[STATION-3 ] T2 done   board PCB-00048  | FINAL=PASS opens=0 shorts=0
[STATION-3 ] T1 read  board PCB-00049 
[STATION-3 ] T2 testing  board PCB-00049  (15 nets)
[STATION-3 ] T2 done   board PCB-00049  | FINAL=FAIL-MLT opens=1 shorts=1
[STATION-3 ] T3 DEFECT alert sent for board PCB-00049 
[STATION-3 ] T1 read  board PCB-00050 
[STATION-3 ] T1-Reader: sentinel — done
[STATION-3 ] T2 testing  board PCB-00050  (12 nets)
[STATION-3 ] T2 done   board PCB-00050  | FINAL=PASS opens=0 shorts=0
[STATION-3 ] T3-Writer exiting
[STATION-3 ] Clean exit
